1620078935.257281 execve("./bin/alocacao_com_malloc", ["./bin/alocacao_com_malloc"], 0x7fff4f529660 /* 47 vars */) = 0 <0.000272>
1620078935.257707 brk(NULL)             = 0x55897d62f000 <0.000021>
1620078935.257779 arch_prctl(0x3001 /* ARCH_??? */, 0x7ffc9bd65be0) = -1 EINVAL (Invalid argument) <0.000020>
1620078935.258009 access("/etc/ld.so.preload", R_OK) = -1 ENOENT (No such file or directory) <0.000027>
1620078935.258097 openat(AT_FDCWD, "/etc/ld.so.cache", O_RDONLY|O_CLOEXEC) = 3 <0.000026>
1620078935.258168 fstat(3, {st_mode=S_IFREG|0644, st_size=28744, ...}) = 0 <0.000021>
1620078935.258232 mmap(NULL, 28744, PROT_READ, MAP_PRIVATE, 3, 0) = 0x7f3c74000000 <0.000023>
1620078935.258291 close(3)              = 0 <0.000020>
1620078935.258352 openat(AT_FDCWD, "/lib/x86_64-linux-gnu/libc.so.6", O_RDONLY|O_CLOEXEC) = 3 <0.000025>
1620078935.258450 read(3, "\177ELF\2\1\1\3\0\0\0\0\0\0\0\0\3\0>\0\1\0\0\0\360q\2\0\0\0\0\0"..., 832) = 832 <0.000023>
1620078935.258516 pread64(3, "\6\0\0\0\4\0\0\0@\0\0\0\0\0\0\0@\0\0\0\0\0\0\0@\0\0\0\0\0\0\0"..., 784, 64) = 784 <0.000021>
1620078935.258577 pread64(3, "\4\0\0\0\20\0\0\0\5\0\0\0GNU\0\2\0\0\300\4\0\0\0\3\0\0\0\0\0\0\0", 32, 848) = 32 <0.000020>
1620078935.258636 pread64(3, "\4\0\0\0\24\0\0\0\3\0\0\0GNU\0\t\233\222%\274\260\320\31\331\326\10\204\276X>\263"..., 68, 880) = 68 <0.000020>
1620078935.258696 fstat(3, {st_mode=S_IFREG|0755, st_size=2029224, ...}) = 0 <0.000020>
1620078935.258755 mmap(NULL, 8192, PROT_READ|PROT_WRITE, MAP_PRIVATE|MAP_ANONYMOUS, -1, 0) = 0x7f3c7403d000 <0.000021>
1620078935.258817 pread64(3, "\6\0\0\0\4\0\0\0@\0\0\0\0\0\0\0@\0\0\0\0\0\0\0@\0\0\0\0\0\0\0"..., 784, 64) = 784 <0.000020>
1620078935.258876 pread64(3, "\4\0\0\0\20\0\0\0\5\0\0\0GNU\0\2\0\0\300\4\0\0\0\3\0\0\0\0\0\0\0", 32, 848) = 32 <0.000020>
1620078935.258935 pread64(3, "\4\0\0\0\24\0\0\0\3\0\0\0GNU\0\t\233\222%\274\260\320\31\331\326\10\204\276X>\263"..., 68, 880) = 68 <0.000020>
1620078935.258994 mmap(NULL, 2036952, PROT_READ, MAP_PRIVATE|MAP_DENYWRITE, 3, 0) = 0x7f3c73e08000 <0.000022>
1620078935.259052 mprotect(0x7f3c73e2d000, 1847296, PROT_NONE) = 0 <0.000027>
1620078935.259115 mmap(0x7f3c73e2d000, 1540096, PROT_READ|PROT_EXEC, MAP_PRIVATE|MAP_FIXED|MAP_DENYWRITE, 3, 0x25000) = 0x7f3c73e2d000 <0.000025>
1620078935.259177 mmap(0x7f3c73fa5000, 303104, PROT_READ, MAP_PRIVATE|MAP_FIXED|MAP_DENYWRITE, 3, 0x19d000) = 0x7f3c73fa5000 <0.000023>
1620078935.259237 mmap(0x7f3c73ff0000, 24576, PROT_READ|PROT_WRITE, MAP_PRIVATE|MAP_FIXED|MAP_DENYWRITE, 3, 0x1e7000) = 0x7f3c73ff0000 <0.000024>
1620078935.259303 mmap(0x7f3c73ff6000, 13528, PROT_READ|PROT_WRITE, MAP_PRIVATE|MAP_FIXED|MAP_ANONYMOUS, -1, 0) = 0x7f3c73ff6000 <0.000023>
1620078935.259369 close(3)              = 0 <0.000020>
1620078935.259439 arch_prctl(ARCH_SET_FS, 0x7f3c7403e540) = 0 <0.000020>
1620078935.259750 mprotect(0x7f3c73ff0000, 12288, PROT_READ) = 0 <0.000103>
1620078935.259957 mprotect(0x55897ba9d000, 4096, PROT_READ) = 0 <0.000045>
1620078935.260073 mprotect(0x7f3c74035000, 4096, PROT_READ) = 0 <0.000034>
1620078935.260160 munmap(0x7f3c74000000, 28744) = 0 <0.000041>
1620078935.260340 brk(NULL)             = 0x55897d62f000 <0.000024>
1620078935.260412 brk(0x55897d650000)   = 0x55897d650000 <0.000023>
1620078935.260507 fstat(1, {st_mode=S_IFCHR|0620, st_rdev=makedev(0x88, 0), ...}) = 0 <0.000025>
1620078935.260632 write(1, "10\n", 3)   = 3 <0.000203>
1620078935.260923 exit_group(0)         = ?
1620078935.261094 +++ exited with 0 +++
