1620078935.250811 execve("./bin/alocacao_com_calloc", ["./bin/alocacao_com_calloc"], 0x7ffc247f77f0 /* 47 vars */) = 0 <0.000354>
1620078935.251414 brk(NULL)             = 0x5556907a0000 <0.000026>
1620078935.251535 arch_prctl(0x3001 /* ARCH_??? */, 0x7ffdd12f45e0) = -1 EINVAL (Invalid argument) <0.000048>
1620078935.251986 access("/etc/ld.so.preload", R_OK) = -1 ENOENT (No such file or directory) <0.000039>
1620078935.252096 openat(AT_FDCWD, "/etc/ld.so.cache", O_RDONLY|O_CLOEXEC) = 3 <0.000026>
1620078935.252164 fstat(3, {st_mode=S_IFREG|0644, st_size=28744, ...}) = 0 <0.000020>
1620078935.252225 mmap(NULL, 28744, PROT_READ, MAP_PRIVATE, 3, 0) = 0x7f171e238000 <0.000022>
1620078935.252281 close(3)              = 0 <0.000019>
1620078935.252340 openat(AT_FDCWD, "/lib/x86_64-linux-gnu/libc.so.6", O_RDONLY|O_CLOEXEC) = 3 <0.000025>
1620078935.252402 read(3, "\177ELF\2\1\1\3\0\0\0\0\0\0\0\0\3\0>\0\1\0\0\0\360q\2\0\0\0\0\0"..., 832) = 832 <0.000021>
1620078935.252459 pread64(3, "\6\0\0\0\4\0\0\0@\0\0\0\0\0\0\0@\0\0\0\0\0\0\0@\0\0\0\0\0\0\0"..., 784, 64) = 784 <0.000020>
1620078935.252515 pread64(3, "\4\0\0\0\20\0\0\0\5\0\0\0GNU\0\2\0\0\300\4\0\0\0\3\0\0\0\0\0\0\0", 32, 848) = 32 <0.000019>
1620078935.252569 pread64(3, "\4\0\0\0\24\0\0\0\3\0\0\0GNU\0\t\233\222%\274\260\320\31\331\326\10\204\276X>\263"..., 68, 880) = 68 <0.000019>
1620078935.252625 fstat(3, {st_mode=S_IFREG|0755, st_size=2029224, ...}) = 0 <0.000019>
1620078935.252680 mmap(NULL, 8192, PROT_READ|PROT_WRITE, MAP_PRIVATE|MAP_ANONYMOUS, -1, 0) = 0x7f171e273000 <0.000021>
1620078935.252739 pread64(3, "\6\0\0\0\4\0\0\0@\0\0\0\0\0\0\0@\0\0\0\0\0\0\0@\0\0\0\0\0\0\0"..., 784, 64) = 784 <0.000020>
1620078935.252795 pread64(3, "\4\0\0\0\20\0\0\0\5\0\0\0GNU\0\2\0\0\300\4\0\0\0\3\0\0\0\0\0\0\0", 32, 848) = 32 <0.000020>
1620078935.252851 pread64(3, "\4\0\0\0\24\0\0\0\3\0\0\0GNU\0\t\233\222%\274\260\320\31\331\326\10\204\276X>\263"..., 68, 880) = 68 <0.000020>
1620078935.252906 mmap(NULL, 2036952, PROT_READ, MAP_PRIVATE|MAP_DENYWRITE, 3, 0) = 0x7f171e040000 <0.000022>
1620078935.252962 mprotect(0x7f171e065000, 1847296, PROT_NONE) = 0 <0.000025>
1620078935.253019 mmap(0x7f171e065000, 1540096, PROT_READ|PROT_EXEC, MAP_PRIVATE|MAP_FIXED|MAP_DENYWRITE, 3, 0x25000) = 0x7f171e065000 <0.000026>
1620078935.253079 mmap(0x7f171e1dd000, 303104, PROT_READ, MAP_PRIVATE|MAP_FIXED|MAP_DENYWRITE, 3, 0x19d000) = 0x7f171e1dd000 <0.000023>
1620078935.253136 mmap(0x7f171e228000, 24576, PROT_READ|PROT_WRITE, MAP_PRIVATE|MAP_FIXED|MAP_DENYWRITE, 3, 0x1e7000) = 0x7f171e228000 <0.000024>
1620078935.253199 mmap(0x7f171e22e000, 13528, PROT_READ|PROT_WRITE, MAP_PRIVATE|MAP_FIXED|MAP_ANONYMOUS, -1, 0) = 0x7f171e22e000 <0.000023>
1620078935.253265 close(3)              = 0 <0.000019>
1620078935.253339 arch_prctl(ARCH_SET_FS, 0x7f171e274540) = 0 <0.000020>
1620078935.253470 mprotect(0x7f171e228000, 12288, PROT_READ) = 0 <0.000025>
1620078935.253531 mprotect(0x55568e806000, 4096, PROT_READ) = 0 <0.000024>
1620078935.253592 mprotect(0x7f171e26d000, 4096, PROT_READ) = 0 <0.000025>
1620078935.253650 munmap(0x7f171e238000, 28744) = 0 <0.000033>
1620078935.253824 brk(NULL)             = 0x5556907a0000 <0.000020>
1620078935.253877 brk(0x5556907c1000)   = 0x5556907c1000 <0.000021>
1620078935.253941 exit_group(0)         = ?
1620078935.254057 +++ exited with 0 +++
