1620078933.147753 execve("./bin/criar_diretorio", ["./bin/criar_diretorio"], 0x7fff26f78b70 /* 47 vars */) = 0 <0.000404>
1620078933.148405 brk(NULL)             = 0x5627b642f000 <0.000027>
1620078933.148503 arch_prctl(0x3001 /* ARCH_??? */, 0x7ffc301a1180) = -1 EINVAL (Invalid argument) <0.000024>
1620078933.148774 access("/etc/ld.so.preload", R_OK) = -1 ENOENT (No such file or directory) <0.000033>
1620078933.148869 openat(AT_FDCWD, "/etc/ld.so.cache", O_RDONLY|O_CLOEXEC) = 3 <0.000032>
1620078933.148951 fstat(3, {st_mode=S_IFREG|0644, st_size=28744, ...}) = 0 <0.000024>
1620078933.149022 mmap(NULL, 28744, PROT_READ, MAP_PRIVATE, 3, 0) = 0x7f2b995a0000 <0.000028>
1620078933.149090 close(3)              = 0 <0.000024>
1620078933.149161 openat(AT_FDCWD, "/lib/x86_64-linux-gnu/libc.so.6", O_RDONLY|O_CLOEXEC) = 3 <0.000030>
1620078933.149235 read(3, "\177ELF\2\1\1\3\0\0\0\0\0\0\0\0\3\0>\0\1\0\0\0\360q\2\0\0\0\0\0"..., 832) = 832 <0.000025>
1620078933.149304 pread64(3, "\6\0\0\0\4\0\0\0@\0\0\0\0\0\0\0@\0\0\0\0\0\0\0@\0\0\0\0\0\0\0"..., 784, 64) = 784 <0.000024>
1620078933.149372 pread64(3, "\4\0\0\0\20\0\0\0\5\0\0\0GNU\0\2\0\0\300\4\0\0\0\3\0\0\0\0\0\0\0", 32, 848) = 32 <0.000025>
1620078933.149440 pread64(3, "\4\0\0\0\24\0\0\0\3\0\0\0GNU\0\t\233\222%\274\260\320\31\331\326\10\204\276X>\263"..., 68, 880) = 68 <0.000025>
1620078933.149508 fstat(3, {st_mode=S_IFREG|0755, st_size=2029224, ...}) = 0 <0.000023>
1620078933.149575 mmap(NULL, 8192, PROT_READ|PROT_WRITE, MAP_PRIVATE|MAP_ANONYMOUS, -1, 0) = 0x7f2b9959e000 <0.000026>
1620078933.149648 pread64(3, "\6\0\0\0\4\0\0\0@\0\0\0\0\0\0\0@\0\0\0\0\0\0\0@\0\0\0\0\0\0\0"..., 784, 64) = 784 <0.000024>
1620078933.149719 pread64(3, "\4\0\0\0\20\0\0\0\5\0\0\0GNU\0\2\0\0\300\4\0\0\0\3\0\0\0\0\0\0\0", 32, 848) = 32 <0.000024>
1620078933.149786 pread64(3, "\4\0\0\0\24\0\0\0\3\0\0\0GNU\0\t\233\222%\274\260\320\31\331\326\10\204\276X>\263"..., 68, 880) = 68 <0.000024>
1620078933.149853 mmap(NULL, 2036952, PROT_READ, MAP_PRIVATE|MAP_DENYWRITE, 3, 0) = 0x7f2b993a8000 <0.000027>
1620078933.149920 mprotect(0x7f2b993cd000, 1847296, PROT_NONE) = 0 <0.000033>
1620078933.149993 mmap(0x7f2b993cd000, 1540096, PROT_READ|PROT_EXEC, MAP_PRIVATE|MAP_FIXED|MAP_DENYWRITE, 3, 0x25000) = 0x7f2b993cd000 <0.000033>
1620078933.150067 mmap(0x7f2b99545000, 303104, PROT_READ, MAP_PRIVATE|MAP_FIXED|MAP_DENYWRITE, 3, 0x19d000) = 0x7f2b99545000 <0.000028>
1620078933.150136 mmap(0x7f2b99590000, 24576, PROT_READ|PROT_WRITE, MAP_PRIVATE|MAP_FIXED|MAP_DENYWRITE, 3, 0x1e7000) = 0x7f2b99590000 <0.000029>
1620078933.150213 mmap(0x7f2b99596000, 13528, PROT_READ|PROT_WRITE, MAP_PRIVATE|MAP_FIXED|MAP_ANONYMOUS, -1, 0) = 0x7f2b99596000 <0.000028>
1620078933.150293 close(3)              = 0 <0.000023>
1620078933.150381 arch_prctl(ARCH_SET_FS, 0x7f2b9959f540) = 0 <0.000041>
1620078933.150557 mprotect(0x7f2b99590000, 12288, PROT_READ) = 0 <0.000031>
1620078933.150633 mprotect(0x5627b5f90000, 4096, PROT_READ) = 0 <0.000029>
1620078933.150706 mprotect(0x7f2b995d5000, 4096, PROT_READ) = 0 <0.000030>
1620078933.150777 munmap(0x7f2b995a0000, 28744) = 0 <0.000041>
1620078933.150924 stat("/new/directory", 0x5627b5f91040) = -1 ENOENT (No such file or directory) <0.000076>
1620078933.151055 mkdir("/new/directory", 0700) = -1 ENOENT (No such file or directory) <0.000025>
1620078933.151142 exit_group(0)         = ?
1620078933.151286 +++ exited with 0 +++
