1620078933.154505 execve("./bin/escrever_arquivo", ["./bin/escrever_arquivo"], 0x7ffc0250b810 /* 47 vars */) = 0 <0.000354>
1620078933.155011 brk(NULL)             = 0x556fb0869000 <0.000022>
1620078933.155102 arch_prctl(0x3001 /* ARCH_??? */, 0x7fff522b0750) = -1 EINVAL (Invalid argument) <0.000022>
1620078933.155309 access("/etc/ld.so.preload", R_OK) = -1 ENOENT (No such file or directory) <0.000030>
1620078933.155397 openat(AT_FDCWD, "/etc/ld.so.cache", O_RDONLY|O_CLOEXEC) = 3 <0.000030>
1620078933.155471 fstat(3, {st_mode=S_IFREG|0644, st_size=28744, ...}) = 0 <0.000023>
1620078933.155534 mmap(NULL, 28744, PROT_READ, MAP_PRIVATE, 3, 0) = 0x7fe6ec608000 <0.000026>
1620078933.155596 close(3)              = 0 <0.000021>
1620078933.155661 openat(AT_FDCWD, "/lib/x86_64-linux-gnu/libc.so.6", O_RDONLY|O_CLOEXEC) = 3 <0.000029>
1620078933.155729 read(3, "\177ELF\2\1\1\3\0\0\0\0\0\0\0\0\3\0>\0\1\0\0\0\360q\2\0\0\0\0\0"..., 832) = 832 <0.000036>
1620078933.155815 pread64(3, "\6\0\0\0\4\0\0\0@\0\0\0\0\0\0\0@\0\0\0\0\0\0\0@\0\0\0\0\0\0\0"..., 784, 64) = 784 <0.000023>
1620078933.155876 pread64(3, "\4\0\0\0\20\0\0\0\5\0\0\0GNU\0\2\0\0\300\4\0\0\0\3\0\0\0\0\0\0\0", 32, 848) = 32 <0.000022>
1620078933.155936 pread64(3, "\4\0\0\0\24\0\0\0\3\0\0\0GNU\0\t\233\222%\274\260\320\31\331\326\10\204\276X>\263"..., 68, 880) = 68 <0.000022>
1620078933.155997 fstat(3, {st_mode=S_IFREG|0755, st_size=2029224, ...}) = 0 <0.000022>
1620078933.156057 mmap(NULL, 8192, PROT_READ|PROT_WRITE, MAP_PRIVATE|MAP_ANONYMOUS, -1, 0) = 0x7fe6ec641000 <0.000024>
1620078933.156122 pread64(3, "\6\0\0\0\4\0\0\0@\0\0\0\0\0\0\0@\0\0\0\0\0\0\0@\0\0\0\0\0\0\0"..., 784, 64) = 784 <0.000022>
1620078933.156183 pread64(3, "\4\0\0\0\20\0\0\0\5\0\0\0GNU\0\2\0\0\300\4\0\0\0\3\0\0\0\0\0\0\0", 32, 848) = 32 <0.000022>
1620078933.156243 pread64(3, "\4\0\0\0\24\0\0\0\3\0\0\0GNU\0\t\233\222%\274\260\320\31\331\326\10\204\276X>\263"..., 68, 880) = 68 <0.000022>
1620078933.156303 mmap(NULL, 2036952, PROT_READ, MAP_PRIVATE|MAP_DENYWRITE, 3, 0) = 0x7fe6ec410000 <0.000026>
1620078933.156365 mprotect(0x7fe6ec435000, 1847296, PROT_NONE) = 0 <0.000028>
1620078933.156427 mmap(0x7fe6ec435000, 1540096, PROT_READ|PROT_EXEC, MAP_PRIVATE|MAP_FIXED|MAP_DENYWRITE, 3, 0x25000) = 0x7fe6ec435000 <0.000030>
1620078933.156494 mmap(0x7fe6ec5ad000, 303104, PROT_READ, MAP_PRIVATE|MAP_FIXED|MAP_DENYWRITE, 3, 0x19d000) = 0x7fe6ec5ad000 <0.000026>
1620078933.156556 mmap(0x7fe6ec5f8000, 24576, PROT_READ|PROT_WRITE, MAP_PRIVATE|MAP_FIXED|MAP_DENYWRITE, 3, 0x1e7000) = 0x7fe6ec5f8000 <0.000027>
1620078933.156629 mmap(0x7fe6ec5fe000, 13528, PROT_READ|PROT_WRITE, MAP_PRIVATE|MAP_FIXED|MAP_ANONYMOUS, -1, 0) = 0x7fe6ec5fe000 <0.000027>
1620078933.156704 close(3)              = 0 <0.000023>
1620078933.156786 arch_prctl(ARCH_SET_FS, 0x7fe6ec642540) = 0 <0.000021>
1620078933.156928 mprotect(0x7fe6ec5f8000, 12288, PROT_READ) = 0 <0.000030>
1620078933.156998 mprotect(0x556faf7dd000, 4096, PROT_READ) = 0 <0.000027>
1620078933.157065 mprotect(0x7fe6ec63d000, 4096, PROT_READ) = 0 <0.000028>
1620078933.157129 munmap(0x7fe6ec608000, 28744) = 0 <0.000039>
1620078933.157267 openat(AT_FDCWD, "./output/teste.txt", O_WRONLY|O_CREAT|O_TRUNC, 04070) = 3 <0.000069>
1620078933.157382 write(3, "Disciplina de sistemas operacion"..., 36) = 36 <0.000048>
1620078933.157498 fstat(1, {st_mode=S_IFCHR|0620, st_rdev=makedev(0x88, 0), ...}) = 0 <0.000023>
1620078933.157615 brk(NULL)             = 0x556fb0869000 <0.000021>
1620078933.157670 brk(0x556fb088a000)   = 0x556fb088a000 <0.000024>
1620078933.157749 write(1, "Chamada de escrita(3, \"Disciplin"..., 80) = 80 <0.000100>
1620078933.157907 close(3)              = 0 <0.000029>
1620078933.157980 exit_group(0)         = ?
1620078933.158141 +++ exited with 0 +++
