1620078935.274367 execve("./bin/info_processo", ["./bin/info_processo"], 0x7ffd86d83630 /* 47 vars */) = 0 <0.000251>
1620078935.274779 brk(NULL)             = 0x559dc8c42000 <0.000018>
1620078935.274864 arch_prctl(0x3001 /* ARCH_??? */, 0x7ffc0735b2f0) = -1 EINVAL (Invalid argument) <0.000019>
1620078935.275071 access("/etc/ld.so.preload", R_OK) = -1 ENOENT (No such file or directory) <0.000025>
1620078935.275147 openat(AT_FDCWD, "/etc/ld.so.cache", O_RDONLY|O_CLOEXEC) = 3 <0.000024>
1620078935.275210 fstat(3, {st_mode=S_IFREG|0644, st_size=28744, ...}) = 0 <0.000019>
1620078935.275267 mmap(NULL, 28744, PROT_READ, MAP_PRIVATE, 3, 0) = 0x7fc3d9328000 <0.000021>
1620078935.275320 close(3)              = 0 <0.000018>
1620078935.275375 openat(AT_FDCWD, "/lib/x86_64-linux-gnu/libc.so.6", O_RDONLY|O_CLOEXEC) = 3 <0.000023>
1620078935.275433 read(3, "\177ELF\2\1\1\3\0\0\0\0\0\0\0\0\3\0>\0\1\0\0\0\360q\2\0\0\0\0\0"..., 832) = 832 <0.000019>
1620078935.275487 pread64(3, "\6\0\0\0\4\0\0\0@\0\0\0\0\0\0\0@\0\0\0\0\0\0\0@\0\0\0\0\0\0\0"..., 784, 64) = 784 <0.000018>
1620078935.275539 pread64(3, "\4\0\0\0\20\0\0\0\5\0\0\0GNU\0\2\0\0\300\4\0\0\0\3\0\0\0\0\0\0\0", 32, 848) = 32 <0.000018>
1620078935.275591 pread64(3, "\4\0\0\0\24\0\0\0\3\0\0\0GNU\0\t\233\222%\274\260\320\31\331\326\10\204\276X>\263"..., 68, 880) = 68 <0.000018>
1620078935.275648 fstat(3, {st_mode=S_IFREG|0755, st_size=2029224, ...}) = 0 <0.000018>
1620078935.275701 mmap(NULL, 8192, PROT_READ|PROT_WRITE, MAP_PRIVATE|MAP_ANONYMOUS, -1, 0) = 0x7fc3d9360000 <0.000020>
1620078935.275757 pread64(3, "\6\0\0\0\4\0\0\0@\0\0\0\0\0\0\0@\0\0\0\0\0\0\0@\0\0\0\0\0\0\0"..., 784, 64) = 784 <0.000019>
1620078935.275814 pread64(3, "\4\0\0\0\20\0\0\0\5\0\0\0GNU\0\2\0\0\300\4\0\0\0\3\0\0\0\0\0\0\0", 32, 848) = 32 <0.000040>
1620078935.275889 pread64(3, "\4\0\0\0\24\0\0\0\3\0\0\0GNU\0\t\233\222%\274\260\320\31\331\326\10\204\276X>\263"..., 68, 880) = 68 <0.000019>
1620078935.275943 mmap(NULL, 2036952, PROT_READ, MAP_PRIVATE|MAP_DENYWRITE, 3, 0) = 0x7fc3d9130000 <0.000021>
1620078935.275995 mprotect(0x7fc3d9155000, 1847296, PROT_NONE) = 0 <0.000025>
1620078935.276051 mmap(0x7fc3d9155000, 1540096, PROT_READ|PROT_EXEC, MAP_PRIVATE|MAP_FIXED|MAP_DENYWRITE, 3, 0x25000) = 0x7fc3d9155000 <0.000024>
1620078935.276109 mmap(0x7fc3d92cd000, 303104, PROT_READ, MAP_PRIVATE|MAP_FIXED|MAP_DENYWRITE, 3, 0x19d000) = 0x7fc3d92cd000 <0.000021>
1620078935.276162 mmap(0x7fc3d9318000, 24576, PROT_READ|PROT_WRITE, MAP_PRIVATE|MAP_FIXED|MAP_DENYWRITE, 3, 0x1e7000) = 0x7fc3d9318000 <0.000022>
1620078935.276220 mmap(0x7fc3d931e000, 13528, PROT_READ|PROT_WRITE, MAP_PRIVATE|MAP_FIXED|MAP_ANONYMOUS, -1, 0) = 0x7fc3d931e000 <0.000021>
1620078935.276281 close(3)              = 0 <0.000018>
1620078935.276349 arch_prctl(ARCH_SET_FS, 0x7fc3d9361380) = 0 <0.000018>
1620078935.276482 mprotect(0x7fc3d9318000, 12288, PROT_READ) = 0 <0.000024>
1620078935.276541 mprotect(0x559dc8646000, 4096, PROT_READ) = 0 <0.000022>
1620078935.276601 mprotect(0x7fc3d935d000, 4096, PROT_READ) = 0 <0.000021>
1620078935.276649 munmap(0x7fc3d9328000, 28744) = 0 <0.000028>
1620078935.276746 getrusage(RUSAGE_SELF, {ru_utime={tv_sec=0, tv_usec=1133}, ru_stime={tv_sec=0, tv_usec=0}, ...}) = 0 <0.000018>
1620078935.276814 fstat(1, {st_mode=S_IFCHR|0620, st_rdev=makedev(0x88, 0), ...}) = 0 <0.000017>
1620078935.276897 brk(NULL)             = 0x559dc8c42000 <0.000016>
1620078935.276941 brk(0x559dc8c63000)   = 0x559dc8c63000 <0.000018>
1620078935.276999 write(1, "Uso de mem\303\263ria = 940\n", 22) = 22 <0.000057>
1620078935.277093 exit_group(0)         = ?
1620078935.277199 +++ exited with 0 +++
