1620078933.160811 execve("./bin/ler_entrada", ["./bin/ler_entrada"], 0x7fff48fc9c60 /* 47 vars */) = 0 <0.000266>
1620078933.161194 brk(NULL)             = 0x55a7fb57a000 <0.000016>
1620078933.161253 arch_prctl(0x3001 /* ARCH_??? */, 0x7ffec8cf7560) = -1 EINVAL (Invalid argument) <0.000016>
1620078933.161415 access("/etc/ld.so.preload", R_OK) = -1 ENOENT (No such file or directory) <0.000022>
1620078933.161480 openat(AT_FDCWD, "/etc/ld.so.cache", O_RDONLY|O_CLOEXEC) = 3 <0.000022>
1620078933.161534 fstat(3, {st_mode=S_IFREG|0644, st_size=28744, ...}) = 0 <0.000016>
1620078933.161580 mmap(NULL, 28744, PROT_READ, MAP_PRIVATE, 3, 0) = 0x7f876b320000 <0.000018>
1620078933.161625 close(3)              = 0 <0.000015>
1620078933.161672 openat(AT_FDCWD, "/lib/x86_64-linux-gnu/libc.so.6", O_RDONLY|O_CLOEXEC) = 3 <0.000020>
1620078933.161721 read(3, "\177ELF\2\1\1\3\0\0\0\0\0\0\0\0\3\0>\0\1\0\0\0\360q\2\0\0\0\0\0"..., 832) = 832 <0.000017>
1620078933.161767 pread64(3, "\6\0\0\0\4\0\0\0@\0\0\0\0\0\0\0@\0\0\0\0\0\0\0@\0\0\0\0\0\0\0"..., 784, 64) = 784 <0.000016>
1620078933.161811 pread64(3, "\4\0\0\0\20\0\0\0\5\0\0\0GNU\0\2\0\0\300\4\0\0\0\3\0\0\0\0\0\0\0", 32, 848) = 32 <0.000016>
1620078933.161853 pread64(3, "\4\0\0\0\24\0\0\0\3\0\0\0GNU\0\t\233\222%\274\260\320\31\331\326\10\204\276X>\263"..., 68, 880) = 68 <0.000016>
1620078933.161897 fstat(3, {st_mode=S_IFREG|0755, st_size=2029224, ...}) = 0 <0.000015>
1620078933.161941 mmap(NULL, 8192, PROT_READ|PROT_WRITE, MAP_PRIVATE|MAP_ANONYMOUS, -1, 0) = 0x7f876b31e000 <0.000018>
1620078933.161988 pread64(3, "\6\0\0\0\4\0\0\0@\0\0\0\0\0\0\0@\0\0\0\0\0\0\0@\0\0\0\0\0\0\0"..., 784, 64) = 784 <0.000016>
1620078933.162032 pread64(3, "\4\0\0\0\20\0\0\0\5\0\0\0GNU\0\2\0\0\300\4\0\0\0\3\0\0\0\0\0\0\0", 32, 848) = 32 <0.000015>
1620078933.162075 pread64(3, "\4\0\0\0\24\0\0\0\3\0\0\0GNU\0\t\233\222%\274\260\320\31\331\326\10\204\276X>\263"..., 68, 880) = 68 <0.000016>
1620078933.162152 mmap(NULL, 2036952, PROT_READ, MAP_PRIVATE|MAP_DENYWRITE, 3, 0) = 0x7f876b128000 <0.000025>
1620078933.162207 mprotect(0x7f876b14d000, 1847296, PROT_NONE) = 0 <0.000024>
1620078933.162257 mmap(0x7f876b14d000, 1540096, PROT_READ|PROT_EXEC, MAP_PRIVATE|MAP_FIXED|MAP_DENYWRITE, 3, 0x25000) = 0x7f876b14d000 <0.000022>
1620078933.162306 mmap(0x7f876b2c5000, 303104, PROT_READ, MAP_PRIVATE|MAP_FIXED|MAP_DENYWRITE, 3, 0x19d000) = 0x7f876b2c5000 <0.000019>
1620078933.162351 mmap(0x7f876b310000, 24576, PROT_READ|PROT_WRITE, MAP_PRIVATE|MAP_FIXED|MAP_DENYWRITE, 3, 0x1e7000) = 0x7f876b310000 <0.000019>
1620078933.162402 mmap(0x7f876b316000, 13528, PROT_READ|PROT_WRITE, MAP_PRIVATE|MAP_FIXED|MAP_ANONYMOUS, -1, 0) = 0x7f876b316000 <0.000042>
1620078933.162481 close(3)              = 0 <0.000016>
1620078933.162540 arch_prctl(ARCH_SET_FS, 0x7f876b31f540) = 0 <0.000016>
1620078933.162643 mprotect(0x7f876b310000, 12288, PROT_READ) = 0 <0.000020>
1620078933.162692 mprotect(0x55a7fa50b000, 4096, PROT_READ) = 0 <0.000019>
1620078933.162740 mprotect(0x7f876b355000, 4096, PROT_READ) = 0 <0.000020>
1620078933.162786 munmap(0x7f876b320000, 28744) = 0 <0.000027>
1620078933.162900 fstat(1, {st_mode=S_IFCHR|0620, st_rdev=makedev(0x88, 0), ...}) = 0 <0.000017>
1620078933.162982 brk(NULL)             = 0x55a7fb57a000 <0.000015>
1620078933.163023 brk(0x55a7fb59b000)   = 0x55a7fb59b000 <0.000017>
1620078933.163073 fstat(0, {st_mode=S_IFCHR|0620, st_rdev=makedev(0x88, 0), ...}) = 0 <0.000015>
1620078933.163117 write(1, "Digite um n\303\272mero inteiro: ", 27) = 27 <0.000073>
1620078933.163256 read(0, "2\n", 1024)  = 2 <2.079035>
1620078935.243581 write(1, "N\303\272mero 2", 9) = 9 <0.000263>
1620078935.244083 lseek(0, -1, SEEK_CUR) = -1 ESPIPE (Illegal seek) <0.000082>
1620078935.244324 exit_group(0)         = ?
1620078935.244678 +++ exited with 0 +++
