1620078935.279695 execve("./bin/pegar_pid", ["./bin/pegar_pid"], 0x7ffd10304a70 /* 47 vars */) = 0 <0.000270>
1620078935.280088 brk(NULL)             = 0x561fe69ac000 <0.000018>
1620078935.280147 arch_prctl(0x3001 /* ARCH_??? */, 0x7ffe892aed40) = -1 EINVAL (Invalid argument) <0.000017>
1620078935.280329 access("/etc/ld.so.preload", R_OK) = -1 ENOENT (No such file or directory) <0.000022>
1620078935.280400 openat(AT_FDCWD, "/etc/ld.so.cache", O_RDONLY|O_CLOEXEC) = 3 <0.000021>
1620078935.280459 fstat(3, {st_mode=S_IFREG|0644, st_size=28744, ...}) = 0 <0.000017>
1620078935.280511 mmap(NULL, 28744, PROT_READ, MAP_PRIVATE, 3, 0) = 0x7fc68f810000 <0.000018>
1620078935.280560 close(3)              = 0 <0.000016>
1620078935.280611 openat(AT_FDCWD, "/lib/x86_64-linux-gnu/libc.so.6", O_RDONLY|O_CLOEXEC) = 3 <0.000020>
1620078935.280665 read(3, "\177ELF\2\1\1\3\0\0\0\0\0\0\0\0\3\0>\0\1\0\0\0\360q\2\0\0\0\0\0"..., 832) = 832 <0.000018>
1620078935.280716 pread64(3, "\6\0\0\0\4\0\0\0@\0\0\0\0\0\0\0@\0\0\0\0\0\0\0@\0\0\0\0\0\0\0"..., 784, 64) = 784 <0.000017>
1620078935.280765 pread64(3, "\4\0\0\0\20\0\0\0\5\0\0\0GNU\0\2\0\0\300\4\0\0\0\3\0\0\0\0\0\0\0", 32, 848) = 32 <0.000017>
1620078935.280815 pread64(3, "\4\0\0\0\24\0\0\0\3\0\0\0GNU\0\t\233\222%\274\260\320\31\331\326\10\204\276X>\263"..., 68, 880) = 68 <0.000017>
1620078935.280864 fstat(3, {st_mode=S_IFREG|0755, st_size=2029224, ...}) = 0 <0.000016>
1620078935.280913 mmap(NULL, 8192, PROT_READ|PROT_WRITE, MAP_PRIVATE|MAP_ANONYMOUS, -1, 0) = 0x7fc68f80e000 <0.000018>
1620078935.280965 pread64(3, "\6\0\0\0\4\0\0\0@\0\0\0\0\0\0\0@\0\0\0\0\0\0\0@\0\0\0\0\0\0\0"..., 784, 64) = 784 <0.000017>
1620078935.281015 pread64(3, "\4\0\0\0\20\0\0\0\5\0\0\0GNU\0\2\0\0\300\4\0\0\0\3\0\0\0\0\0\0\0", 32, 848) = 32 <0.000016>
1620078935.281064 pread64(3, "\4\0\0\0\24\0\0\0\3\0\0\0GNU\0\t\233\222%\274\260\320\31\331\326\10\204\276X>\263"..., 68, 880) = 68 <0.000017>
1620078935.281113 mmap(NULL, 2036952, PROT_READ, MAP_PRIVATE|MAP_DENYWRITE, 3, 0) = 0x7fc68f618000 <0.000019>
1620078935.281165 mprotect(0x7fc68f63d000, 1847296, PROT_NONE) = 0 <0.000025>
1620078935.281219 mmap(0x7fc68f63d000, 1540096, PROT_READ|PROT_EXEC, MAP_PRIVATE|MAP_FIXED|MAP_DENYWRITE, 3, 0x25000) = 0x7fc68f63d000 <0.000020>
1620078935.281270 mmap(0x7fc68f7b5000, 303104, PROT_READ, MAP_PRIVATE|MAP_FIXED|MAP_DENYWRITE, 3, 0x19d000) = 0x7fc68f7b5000 <0.000019>
1620078935.281320 mmap(0x7fc68f800000, 24576, PROT_READ|PROT_WRITE, MAP_PRIVATE|MAP_FIXED|MAP_DENYWRITE, 3, 0x1e7000) = 0x7fc68f800000 <0.000019>
1620078935.281373 mmap(0x7fc68f806000, 13528, PROT_READ|PROT_WRITE, MAP_PRIVATE|MAP_FIXED|MAP_ANONYMOUS, -1, 0) = 0x7fc68f806000 <0.000018>
1620078935.281428 close(3)              = 0 <0.000017>
1620078935.281487 arch_prctl(ARCH_SET_FS, 0x7fc68f80f540) = 0 <0.000016>
1620078935.281581 mprotect(0x7fc68f800000, 12288, PROT_READ) = 0 <0.000020>
1620078935.281632 mprotect(0x561fe5be6000, 4096, PROT_READ) = 0 <0.000018>
1620078935.281681 mprotect(0x7fc68f845000, 4096, PROT_READ) = 0 <0.000019>
1620078935.281731 munmap(0x7fc68f810000, 28744) = 0 <0.000024>
1620078935.281818 getpid()              = 166201 <0.000016>
1620078935.281877 fstat(1, {st_mode=S_IFCHR|0620, st_rdev=makedev(0x88, 0), ...}) = 0 <0.000017>
1620078935.281954 brk(NULL)             = 0x561fe69ac000 <0.000012>
1620078935.281994 brk(0x561fe69cd000)   = 0x561fe69cd000 <0.000017>
1620078935.282051 write(1, "PID deste processo 166201\n", 26) = 26 <0.000052>
1620078935.282144 exit_group(0)         = ?
1620078935.282245 +++ exited with 0 +++
