1620078935.284427 execve("./bin/processo_filho", ["./bin/processo_filho"], 0x7ffffaea2ca0 /* 47 vars */) = 0 <0.000311>
1620078935.284954 brk(NULL)             = 0x5584bdd22000 <0.000045>
1620078935.285099 arch_prctl(0x3001 /* ARCH_??? */, 0x7ffd1121f440) = -1 EINVAL (Invalid argument) <0.000023>
1620078935.285339 access("/etc/ld.so.preload", R_OK) = -1 ENOENT (No such file or directory) <0.000029>
1620078935.285421 openat(AT_FDCWD, "/etc/ld.so.cache", O_RDONLY|O_CLOEXEC) = 3 <0.000028>
1620078935.285488 fstat(3, {st_mode=S_IFREG|0644, st_size=28744, ...}) = 0 <0.000019>
1620078935.285544 mmap(NULL, 28744, PROT_READ, MAP_PRIVATE, 3, 0) = 0x7f783a338000 <0.000022>
1620078935.285598 close(3)              = 0 <0.000018>
1620078935.285651 openat(AT_FDCWD, "/lib/x86_64-linux-gnu/libc.so.6", O_RDONLY|O_CLOEXEC) = 3 <0.000022>
1620078935.285709 read(3, "\177ELF\2\1\1\3\0\0\0\0\0\0\0\0\3\0>\0\1\0\0\0\360q\2\0\0\0\0\0"..., 832) = 832 <0.000020>
1620078935.285763 pread64(3, "\6\0\0\0\4\0\0\0@\0\0\0\0\0\0\0@\0\0\0\0\0\0\0@\0\0\0\0\0\0\0"..., 784, 64) = 784 <0.000018>
1620078935.285815 pread64(3, "\4\0\0\0\20\0\0\0\5\0\0\0GNU\0\2\0\0\300\4\0\0\0\3\0\0\0\0\0\0\0", 32, 848) = 32 <0.000018>
1620078935.285867 pread64(3, "\4\0\0\0\24\0\0\0\3\0\0\0GNU\0\t\233\222%\274\260\320\31\331\326\10\204\276X>\263"..., 68, 880) = 68 <0.000018>
1620078935.285919 fstat(3, {st_mode=S_IFREG|0755, st_size=2029224, ...}) = 0 <0.000018>
1620078935.285972 mmap(NULL, 8192, PROT_READ|PROT_WRITE, MAP_PRIVATE|MAP_ANONYMOUS, -1, 0) = 0x7f783a336000 <0.000019>
1620078935.286027 pread64(3, "\6\0\0\0\4\0\0\0@\0\0\0\0\0\0\0@\0\0\0\0\0\0\0@\0\0\0\0\0\0\0"..., 784, 64) = 784 <0.000018>
1620078935.286082 pread64(3, "\4\0\0\0\20\0\0\0\5\0\0\0GNU\0\2\0\0\300\4\0\0\0\3\0\0\0\0\0\0\0", 32, 848) = 32 <0.000018>
1620078935.286135 pread64(3, "\4\0\0\0\24\0\0\0\3\0\0\0GNU\0\t\233\222%\274\260\320\31\331\326\10\204\276X>\263"..., 68, 880) = 68 <0.000018>
1620078935.286188 mmap(NULL, 2036952, PROT_READ, MAP_PRIVATE|MAP_DENYWRITE, 3, 0) = 0x7f783a140000 <0.000020>
1620078935.286239 mprotect(0x7f783a165000, 1847296, PROT_NONE) = 0 <0.000024>
1620078935.286293 mmap(0x7f783a165000, 1540096, PROT_READ|PROT_EXEC, MAP_PRIVATE|MAP_FIXED|MAP_DENYWRITE, 3, 0x25000) = 0x7f783a165000 <0.000024>
1620078935.286349 mmap(0x7f783a2dd000, 303104, PROT_READ, MAP_PRIVATE|MAP_FIXED|MAP_DENYWRITE, 3, 0x19d000) = 0x7f783a2dd000 <0.000021>
1620078935.286403 mmap(0x7f783a328000, 24576, PROT_READ|PROT_WRITE, MAP_PRIVATE|MAP_FIXED|MAP_DENYWRITE, 3, 0x1e7000) = 0x7f783a328000 <0.000061>
1620078935.286504 mmap(0x7f783a32e000, 13528, PROT_READ|PROT_WRITE, MAP_PRIVATE|MAP_FIXED|MAP_ANONYMOUS, -1, 0) = 0x7f783a32e000 <0.000027>
1620078935.286572 close(3)              = 0 <0.000018>
1620078935.286639 arch_prctl(ARCH_SET_FS, 0x7f783a337540) = 0 <0.000018>
1620078935.286749 mprotect(0x7f783a328000, 12288, PROT_READ) = 0 <0.000023>
1620078935.286807 mprotect(0x5584bd375000, 4096, PROT_READ) = 0 <0.000021>
1620078935.286862 mprotect(0x7f783a36d000, 4096, PROT_READ) = 0 <0.000022>
1620078935.286915 munmap(0x7f783a338000, 28744) = 0 <0.000030>
1620078935.287021 clone(child_stack=NULL, flags=CLONE_CHILD_CLEARTID|CLONE_CHILD_SETTID|SIGCHLD, child_tidptr=0x7f783a337810) = 166206 <0.000085>
1620078935.287154 getpid()              = 166205 <0.000024>
1620078935.287246 fstat(1, {st_mode=S_IFCHR|0620, st_rdev=makedev(0x88, 0), ...}) = 0 <0.000024>
1620078935.287362 brk(NULL)             = 0x5584bdd22000 <0.000021>
1620078935.287424 brk(0x5584bdd43000)   = 0x5584bdd43000 <0.000023>
1620078935.287501 write(1, "Processo Pai => PID: 166205\n", 28) = 28 <0.000034>
1620078935.287603 write(1, "Esperando pelo fim do processo f"..., 38) = 38 <0.000028>
1620078935.287685 wait4(-1, NULL, 0, NULL) = 166206 <0.000230>
1620078935.287955 --- SIGCHLD {si_signo=SIGCHLD, si_code=CLD_EXITED, si_pid=166206, si_uid=1285, si_status=0, si_utime=0, si_stime=0} ---
1620078935.287983 write(1, "Processo filho finalizado.\n", 27) = 27 <0.000053>
1620078935.288084 exit_group(0)         = ?
1620078935.288231 +++ exited with 0 +++
