1620078935.264733 execve("./bin/redimensionar_alocacao", ["./bin/redimensionar_alocacao"], 0x7fffe03632a0 /* 47 vars */) = 0 <0.000489>
1620078935.265394 brk(NULL)             = 0x563d068fa000 <0.000028>
1620078935.265509 arch_prctl(0x3001 /* ARCH_??? */, 0x7ffc278d6bf0) = -1 EINVAL (Invalid argument) <0.000027>
1620078935.265757 access("/etc/ld.so.preload", R_OK) = -1 ENOENT (No such file or directory) <0.000040>
1620078935.265867 openat(AT_FDCWD, "/etc/ld.so.cache", O_RDONLY|O_CLOEXEC) = 3 <0.000040>
1620078935.265956 fstat(3, {st_mode=S_IFREG|0644, st_size=28744, ...}) = 0 <0.000029>
1620078935.266033 mmap(NULL, 28744, PROT_READ, MAP_PRIVATE, 3, 0) = 0x7f0d8ded8000 <0.000032>
1620078935.266108 close(3)              = 0 <0.000027>
1620078935.266190 openat(AT_FDCWD, "/lib/x86_64-linux-gnu/libc.so.6", O_RDONLY|O_CLOEXEC) = 3 <0.000036>
1620078935.266271 read(3, "\177ELF\2\1\1\3\0\0\0\0\0\0\0\0\3\0>\0\1\0\0\0\360q\2\0\0\0\0\0"..., 832) = 832 <0.000030>
1620078935.266345 pread64(3, "\6\0\0\0\4\0\0\0@\0\0\0\0\0\0\0@\0\0\0\0\0\0\0@\0\0\0\0\0\0\0"..., 784, 64) = 784 <0.000028>
1620078935.266451 pread64(3, "\4\0\0\0\20\0\0\0\5\0\0\0GNU\0\2\0\0\300\4\0\0\0\3\0\0\0\0\0\0\0", 32, 848) = 32 <0.000046>
1620078935.266545 pread64(3, "\4\0\0\0\24\0\0\0\3\0\0\0GNU\0\t\233\222%\274\260\320\31\331\326\10\204\276X>\263"..., 68, 880) = 68 <0.000029>
1620078935.266619 fstat(3, {st_mode=S_IFREG|0755, st_size=2029224, ...}) = 0 <0.000027>
1620078935.266691 mmap(NULL, 8192, PROT_READ|PROT_WRITE, MAP_PRIVATE|MAP_ANONYMOUS, -1, 0) = 0x7f0d8df14000 <0.000030>
1620078935.266773 pread64(3, "\6\0\0\0\4\0\0\0@\0\0\0\0\0\0\0@\0\0\0\0\0\0\0@\0\0\0\0\0\0\0"..., 784, 64) = 784 <0.000029>
1620078935.266847 pread64(3, "\4\0\0\0\20\0\0\0\5\0\0\0GNU\0\2\0\0\300\4\0\0\0\3\0\0\0\0\0\0\0", 32, 848) = 32 <0.000027>
1620078935.266918 pread64(3, "\4\0\0\0\24\0\0\0\3\0\0\0GNU\0\t\233\222%\274\260\320\31\331\326\10\204\276X>\263"..., 68, 880) = 68 <0.000027>
1620078935.266990 mmap(NULL, 2036952, PROT_READ, MAP_PRIVATE|MAP_DENYWRITE, 3, 0) = 0x7f0d8dce0000 <0.000032>
1620078935.267064 mprotect(0x7f0d8dd05000, 1847296, PROT_NONE) = 0 <0.000037>
1620078935.267142 mmap(0x7f0d8dd05000, 1540096, PROT_READ|PROT_EXEC, MAP_PRIVATE|MAP_FIXED|MAP_DENYWRITE, 3, 0x25000) = 0x7f0d8dd05000 <0.000040>
1620078935.267226 mmap(0x7f0d8de7d000, 303104, PROT_READ, MAP_PRIVATE|MAP_FIXED|MAP_DENYWRITE, 3, 0x19d000) = 0x7f0d8de7d000 <0.000034>
1620078935.267302 mmap(0x7f0d8dec8000, 24576, PROT_READ|PROT_WRITE, MAP_PRIVATE|MAP_FIXED|MAP_DENYWRITE, 3, 0x1e7000) = 0x7f0d8dec8000 <0.000035>
1620078935.267389 mmap(0x7f0d8dece000, 13528, PROT_READ|PROT_WRITE, MAP_PRIVATE|MAP_FIXED|MAP_ANONYMOUS, -1, 0) = 0x7f0d8dece000 <0.000034>
1620078935.267485 close(3)              = 0 <0.000029>
1620078935.267594 arch_prctl(ARCH_SET_FS, 0x7f0d8df15540) = 0 <0.000027>
1620078935.267780 mprotect(0x7f0d8dec8000, 12288, PROT_READ) = 0 <0.000060>
1620078935.267918 mprotect(0x563d04ac9000, 4096, PROT_READ) = 0 <0.000022>
1620078935.267976 mprotect(0x7f0d8df0d000, 4096, PROT_READ) = 0 <0.000023>
1620078935.268031 munmap(0x7f0d8ded8000, 28744) = 0 <0.000030>
1620078935.268177 brk(NULL)             = 0x563d068fa000 <0.000018>
1620078935.268227 brk(0x563d0691b000)   = 0x563d0691b000 <0.000019>
1620078935.268288 fstat(1, {st_mode=S_IFCHR|0620, st_rdev=makedev(0x88, 0), ...}) = 0 <0.000019>
1620078935.268344 write(1, "\n", 1)     = 1 <0.000025>
1620078935.268467 write(1, "VETOR COM 1000\n", 15) = 15 <0.000080>
1620078935.268659 write(1, "0 | 1 | 2 | 3 | 4 | 5 | 6 | 7 | "..., 1024) = 1024 <0.000028>
1620078935.268794 write(1, "189 | 190 | 191 | 192 | 193 | 19"..., 1024) = 1024 <0.000027>
1620078935.268900 write(1, "| 360 | 361 | 362 | 363 | 364 | "..., 1024) = 1024 <0.000027>
1620078935.269005 write(1, "0 | 531 | 532 | 533 | 534 | 535 "..., 1024) = 1024 <0.000026>
1620078935.269107 write(1, "701 | 702 | 703 | 704 | 705 | 70"..., 1024) = 1024 <0.000027>
1620078935.269204 write(1, "| 872 | 873 | 874 | 875 | 876 | "..., 711) = 711 <0.000057>
1620078935.269308 write(1, "VETOR COM MAIS 1000\n", 20) = 20 <0.000046>
1620078935.269428 write(1, "990 | 991 | 992 | 993 | 994 | 99"..., 1024) = 1024 <0.000027>
1620078935.269538 write(1, "| 1138 | 1139 | 1140 | 1141 | 11"..., 1024) = 1024 <0.000026>
1620078935.269638 write(1, "1284 | 1285 | 1286 | 1287 | 1288"..., 1024) = 1024 <0.000027>
1620078935.269739 write(1, "30 | 1431 | 1432 | 1433 | 1434 |"..., 1024) = 1024 <0.000025>
1620078935.269838 write(1, " | 1577 | 1578 | 1579 | 1580 | 1"..., 1024) = 1024 <0.000026>
1620078935.269937 write(1, " 1723 | 1724 | 1725 | 1726 | 172"..., 1024) = 1024 <0.000025>
1620078935.270034 write(1, "869 | 1870 | 1871 | 1872 | 1873 "..., 917) = 917 <0.000058>
1620078935.270137 write(1, " VETOR TOTAL\n", 13) = 13 <0.000045>
1620078935.270252 write(1, "0 | 1 | 2 | 3 | 4 | 5 | 6 | 7 | "..., 1024) = 1024 <0.000026>
1620078935.270354 write(1, "189 | 190 | 191 | 192 | 193 | 19"..., 1024) = 1024 <0.000026>
1620078935.270488 write(1, "| 360 | 361 | 362 | 363 | 364 | "..., 1024) = 1024 <0.000026>
1620078935.270591 write(1, "0 | 531 | 532 | 533 | 534 | 535 "..., 1024) = 1024 <0.000026>
1620078935.270693 write(1, "701 | 702 | 703 | 704 | 705 | 70"..., 1024) = 1024 <0.000026>
1620078935.270795 write(1, "| 872 | 873 | 874 | 875 | 876 | "..., 1024) = 1024 <0.000026>
1620078935.270895 write(1, "36 | 1037 | 1038 | 1039 | 1040 |"..., 1024) = 1024 <0.000025>
1620078935.270994 write(1, " | 1183 | 1184 | 1185 | 1186 | 1"..., 1024) = 1024 <0.000026>
1620078935.271092 write(1, " 1329 | 1330 | 1331 | 1332 | 133"..., 1024) = 1024 <0.000025>
1620078935.271189 write(1, "475 | 1476 | 1477 | 1478 | 1479 "..., 1024) = 1024 <0.000026>
1620078935.271288 write(1, "1 | 1622 | 1623 | 1624 | 1625 | "..., 1024) = 1024 <0.000025>
1620078935.271385 write(1, "| 1768 | 1769 | 1770 | 1771 | 17"..., 1024) = 1024 <0.000026>
1620078935.271478 write(1, "1914 | 1915 | 1916 | 1917 | 1918"..., 602) = 602 <0.000023>
1620078935.271556 exit_group(0)         = ?
1620078935.271673 +++ exited with 0 +++
